<?xml version="1.0" encoding="UTF-8"?>
<testsuite xmlns:xsi="http://www.w3.org/2001/XMLSchema-instance" xsi:noNamespaceSchemaLocation="https://maven.apache.org/surefire/maven-surefire-plugin/xsd/surefire-test-report.xsd" name="it.eng.productunithubwebinterface.ProductUnitHubWebInterfaceApplicationTests" time="5.541" tests="1" errors="0" skipped="0" failures="0">
  <properties>
    <property name="gopherProxySet" value="false"/>
    <property name="awt.toolkit" value="sun.lwawt.macosx.LWCToolkit"/>
    <property name="file.encoding.pkg" value="sun.io"/>
    <property name="java.specification.version" value="1.8"/>
    <property name="sun.cpu.isalist" value=""/>
    <property name="sun.jnu.encoding" value="UTF-8"/>
    <property name="java.class.path" value="/Users/ascatox/Documents/Sviluppo/workspace_hyperledger/product-unit-hub-web-interface/target/test-classes:/Users/ascatox/Documents/Sviluppo/workspace_hyperledger/product-unit-hub-web-interface/target/classes:/Users/ascatox/.m2/repository/org/springframework/boot/spring-boot-starter-web/2.0.2.RELEASE/spring-boot-starter-web-2.0.2.RELEASE.jar:/Users/ascatox/.m2/repository/org/springframework/boot/spring-boot-starter/2.0.2.RELEASE/spring-boot-starter-2.0.2.RELEASE.jar:/Users/ascatox/.m2/repository/org/springframework/boot/spring-boot/2.0.2.RELEASE/spring-boot-2.0.2.RELEASE.jar:/Users/ascatox/.m2/repository/org/springframework/boot/spring-boot-autoconfigure/2.0.2.RELEASE/spring-boot-autoconfigure-2.0.2.RELEASE.jar:/Users/ascatox/.m2/repository/org/springframework/boot/spring-boot-starter-logging/2.0.2.RELEASE/spring-boot-starter-logging-2.0.2.RELEASE.jar:/Users/ascatox/.m2/repository/ch/qos/logback/logback-classic/1.2.3/logback-classic-1.2.3.jar:/Users/ascatox/.m2/repository/ch/qos/logback/logback-core/1.2.3/logback-core-1.2.3.jar:/Users/ascatox/.m2/repository/org/apache/logging/log4j/log4j-to-slf4j/2.10.0/log4j-to-slf4j-2.10.0.jar:/Users/ascatox/.m2/repository/org/slf4j/jul-to-slf4j/1.7.25/jul-to-slf4j-1.7.25.jar:/Users/ascatox/.m2/repository/javax/annotation/javax.annotation-api/1.3.2/javax.annotation-api-1.3.2.jar:/Users/ascatox/.m2/repository/org/yaml/snakeyaml/1.19/snakeyaml-1.19.jar:/Users/ascatox/.m2/repository/org/springframework/boot/spring-boot-starter-json/2.0.2.RELEASE/spring-boot-starter-json-2.0.2.RELEASE.jar:/Users/ascatox/.m2/repository/com/fasterxml/jackson/datatype/jackson-datatype-jdk8/2.9.5/jackson-datatype-jdk8-2.9.5.jar:/Users/ascatox/.m2/repository/com/fasterxml/jackson/datatype/jackson-datatype-jsr310/2.9.5/jackson-datatype-jsr310-2.9.5.jar:/Users/ascatox/.m2/repository/com/fasterxml/jackson/module/jackson-module-parameter-names/2.9.5/jackson-module-parameter-names-2.9.5.jar:/Users/ascatox/.m2/repository/org/springframework/boot/spring-boot-starter-tomcat/2.0.2.RELEASE/spring-boot-starter-tomcat-2.0.2.RELEASE.jar:/Users/ascatox/.m2/repository/org/apache/tomcat/embed/tomcat-embed-core/8.5.31/tomcat-embed-core-8.5.31.jar:/Users/ascatox/.m2/repository/org/apache/tomcat/embed/tomcat-embed-el/8.5.31/tomcat-embed-el-8.5.31.jar:/Users/ascatox/.m2/repository/org/apache/tomcat/embed/tomcat-embed-websocket/8.5.31/tomcat-embed-websocket-8.5.31.jar:/Users/ascatox/.m2/repository/org/hibernate/validator/hibernate-validator/6.0.9.Final/hibernate-validator-6.0.9.Final.jar:/Users/ascatox/.m2/repository/javax/validation/validation-api/2.0.1.Final/validation-api-2.0.1.Final.jar:/Users/ascatox/.m2/repository/org/jboss/logging/jboss-logging/3.3.2.Final/jboss-logging-3.3.2.Final.jar:/Users/ascatox/.m2/repository/com/fasterxml/classmate/1.3.4/classmate-1.3.4.jar:/Users/ascatox/.m2/repository/org/springframework/spring-web/5.0.6.RELEASE/spring-web-5.0.6.RELEASE.jar:/Users/ascatox/.m2/repository/org/springframework/spring-beans/5.0.6.RELEASE/spring-beans-5.0.6.RELEASE.jar:/Users/ascatox/.m2/repository/org/springframework/spring-webmvc/5.0.6.RELEASE/spring-webmvc-5.0.6.RELEASE.jar:/Users/ascatox/.m2/repository/org/springframework/spring-aop/5.0.6.RELEASE/spring-aop-5.0.6.RELEASE.jar:/Users/ascatox/.m2/repository/org/springframework/spring-context/5.0.6.RELEASE/spring-context-5.0.6.RELEASE.jar:/Users/ascatox/.m2/repository/org/springframework/spring-expression/5.0.6.RELEASE/spring-expression-5.0.6.RELEASE.jar:/Users/ascatox/.m2/repository/org/springframework/boot/spring-boot-starter-test/2.0.2.RELEASE/spring-boot-starter-test-2.0.2.RELEASE.jar:/Users/ascatox/.m2/repository/org/springframework/boot/spring-boot-test/2.0.2.RELEASE/spring-boot-test-2.0.2.RELEASE.jar:/Users/ascatox/.m2/repository/org/springframework/boot/spring-boot-test-autoconfigure/2.0.2.RELEASE/spring-boot-test-autoconfigure-2.0.2.RELEASE.jar:/Users/ascatox/.m2/repository/com/jayway/jsonpath/json-path/2.4.0/json-path-2.4.0.jar:/Users/ascatox/.m2/repository/net/minidev/json-smart/2.3/json-smart-2.3.jar:/Users/ascatox/.m2/repository/net/minidev/accessors-smart/1.2/accessors-smart-1.2.jar:/Users/ascatox/.m2/repository/org/ow2/asm/asm/5.0.4/asm-5.0.4.jar:/Users/ascatox/.m2/repository/org/slf4j/slf4j-api/1.7.25/slf4j-api-1.7.25.jar:/Users/ascatox/.m2/repository/junit/junit/4.12/junit-4.12.jar:/Users/ascatox/.m2/repository/org/assertj/assertj-core/3.9.1/assertj-core-3.9.1.jar:/Users/ascatox/.m2/repository/org/mockito/mockito-core/2.15.0/mockito-core-2.15.0.jar:/Users/ascatox/.m2/repository/net/bytebuddy/byte-buddy/1.7.11/byte-buddy-1.7.11.jar:/Users/ascatox/.m2/repository/net/bytebuddy/byte-buddy-agent/1.7.11/byte-buddy-agent-1.7.11.jar:/Users/ascatox/.m2/repository/org/objenesis/objenesis/2.6/objenesis-2.6.jar:/Users/ascatox/.m2/repository/org/hamcrest/hamcrest-core/1.3/hamcrest-core-1.3.jar:/Users/ascatox/.m2/repository/org/hamcrest/hamcrest-library/1.3/hamcrest-library-1.3.jar:/Users/ascatox/.m2/repository/org/skyscreamer/jsonassert/1.5.0/jsonassert-1.5.0.jar:/Users/ascatox/.m2/repository/com/vaadin/external/google/android-json/0.0.20131108.vaadin1/android-json-0.0.20131108.vaadin1.jar:/Users/ascatox/.m2/repository/org/springframework/spring-core/5.0.6.RELEASE/spring-core-5.0.6.RELEASE.jar:/Users/ascatox/.m2/repository/org/springframework/spring-jcl/5.0.6.RELEASE/spring-jcl-5.0.6.RELEASE.jar:/Users/ascatox/.m2/repository/org/springframework/spring-test/5.0.6.RELEASE/spring-test-5.0.6.RELEASE.jar:/Users/ascatox/.m2/repository/org/xmlunit/xmlunit-core/2.5.1/xmlunit-core-2.5.1.jar:/Users/ascatox/.m2/repository/com/github/ascatox/product-unit-hub-ledger-client/v1.0.2/product-unit-hub-ledger-client-v1.0.2.jar:/Users/ascatox/.m2/repository/org/hyperledger/fabric-sdk-java/fabric-sdk-java/1.1.0-SNAPSHOT/fabric-sdk-java-1.1.0-SNAPSHOT.jar:/Users/ascatox/.m2/repository/io/grpc/grpc-netty/1.11.0/grpc-netty-1.11.0.jar:/Users/ascatox/.m2/repository/io/grpc/grpc-core/1.11.0/grpc-core-1.11.0.jar:/Users/ascatox/.m2/repository/io/grpc/grpc-context/1.11.0/grpc-context-1.11.0.jar:/Users/ascatox/.m2/repository/com/google/code/gson/gson/2.8.4/gson-2.8.4.jar:/Users/ascatox/.m2/repository/com/google/errorprone/error_prone_annotations/2.1.2/error_prone_annotations-2.1.2.jar:/Users/ascatox/.m2/repository/com/google/code/findbugs/jsr305/3.0.0/jsr305-3.0.0.jar:/Users/ascatox/.m2/repository/io/opencensus/opencensus-api/0.11.0/opencensus-api-0.11.0.jar:/Users/ascatox/.m2/repository/io/opencensus/opencensus-contrib-grpc-metrics/0.11.0/opencensus-contrib-grpc-metrics-0.11.0.jar:/Users/ascatox/.m2/repository/io/netty/netty-handler-proxy/4.1.24.Final/netty-handler-proxy-4.1.24.Final.jar:/Users/ascatox/.m2/repository/io/netty/netty-transport/4.1.24.Final/netty-transport-4.1.24.Final.jar:/Users/ascatox/.m2/repository/io/netty/netty-resolver/4.1.24.Final/netty-resolver-4.1.24.Final.jar:/Users/ascatox/.m2/repository/io/netty/netty-codec-socks/4.1.24.Final/netty-codec-socks-4.1.24.Final.jar:/Users/ascatox/.m2/repository/io/grpc/grpc-protobuf/1.11.0/grpc-protobuf-1.11.0.jar:/Users/ascatox/.m2/repository/com/google/guava/guava/20.0/guava-20.0.jar:/Users/ascatox/.m2/repository/com/google/protobuf/protobuf-java-util/3.5.1/protobuf-java-util-3.5.1.jar:/Users/ascatox/.m2/repository/com/google/api/grpc/proto-google-common-protos/1.0.0/proto-google-common-protos-1.0.0.jar:/Users/ascatox/.m2/repository/io/grpc/grpc-protobuf-lite/1.11.0/grpc-protobuf-lite-1.11.0.jar:/Users/ascatox/.m2/repository/io/grpc/grpc-stub/1.11.0/grpc-stub-1.11.0.jar:/Users/ascatox/.m2/repository/io/netty/netty-tcnative-boringssl-static/2.0.8.Final/netty-tcnative-boringssl-static-2.0.8.Final.jar:/Users/ascatox/.m2/repository/io/netty/netty-codec-http2/4.1.24.Final/netty-codec-http2-4.1.24.Final.jar:/Users/ascatox/.m2/repository/io/netty/netty-codec-http/4.1.24.Final/netty-codec-http-4.1.24.Final.jar:/Users/ascatox/.m2/repository/io/netty/netty-codec/4.1.24.Final/netty-codec-4.1.24.Final.jar:/Users/ascatox/.m2/repository/io/netty/netty-handler/4.1.24.Final/netty-handler-4.1.24.Final.jar:/Users/ascatox/.m2/repository/io/netty/netty-buffer/4.1.24.Final/netty-buffer-4.1.24.Final.jar:/Users/ascatox/.m2/repository/io/netty/netty-common/4.1.24.Final/netty-common-4.1.24.Final.jar:/Users/ascatox/.m2/repository/com/google/protobuf/protobuf-java/3.5.1/protobuf-java-3.5.1.jar:/Users/ascatox/.m2/repository/org/bouncycastle/bcpkix-jdk15on/1.59/bcpkix-jdk15on-1.59.jar:/Users/ascatox/.m2/repository/org/bouncycastle/bcprov-jdk15on/1.59/bcprov-jdk15on-1.59.jar:/Users/ascatox/.m2/repository/commons-logging/commons-logging/1.2/commons-logging-1.2.jar:/Users/ascatox/.m2/repository/commons-cli/commons-cli/1.4/commons-cli-1.4.jar:/Users/ascatox/.m2/repository/org/apache/commons/commons-compress/1.16.1/commons-compress-1.16.1.jar:/Users/ascatox/.m2/repository/commons-io/commons-io/2.6/commons-io-2.6.jar:/Users/ascatox/.m2/repository/log4j/log4j/1.2.17/log4j-1.2.17.jar:/Users/ascatox/.m2/repository/org/apache/httpcomponents/httpclient/4.5.5/httpclient-4.5.5.jar:/Users/ascatox/.m2/repository/org/apache/httpcomponents/httpcore/4.4.9/httpcore-4.4.9.jar:/Users/ascatox/.m2/repository/org/glassfish/javax.json/1.1.2/javax.json-1.1.2.jar:/Users/ascatox/.m2/repository/javax/json/javax.json-api/1.1.2/javax.json-api-1.1.2.jar:/Users/ascatox/.m2/repository/com/fasterxml/jackson/core/jackson-databind/2.9.5/jackson-databind-2.9.5.jar:/Users/ascatox/.m2/repository/com/fasterxml/jackson/core/jackson-annotations/2.9.0/jackson-annotations-2.9.0.jar:/Users/ascatox/.m2/repository/com/fasterxml/jackson/core/jackson-core/2.9.5/jackson-core-2.9.5.jar:/Users/ascatox/.m2/repository/org/apache/commons/commons-lang3/3.7/commons-lang3-3.7.jar:/Users/ascatox/.m2/repository/org/apache/logging/log4j/log4j-api/2.10.0/log4j-api-2.10.0.jar:/Users/ascatox/.m2/repository/org/apache/logging/log4j/log4j-core/2.10.0/log4j-core-2.10.0.jar:/Users/ascatox/.m2/repository/org/apache/logging/log4j/log4j-jcl/2.10.0/log4j-jcl-2.10.0.jar:/Users/ascatox/.m2/repository/org/apache/logging/log4j/log4j-slf4j-impl/2.10.0/log4j-slf4j-impl-2.10.0.jar:/Users/ascatox/.m2/repository/org/glassfish/javax.el/3.0.0/javax.el-3.0.0.jar:/Users/ascatox/.m2/repository/org/bouncycastle/bcprov-jdk15/1.46/bcprov-jdk15-1.46.jar:/Users/ascatox/.m2/repository/org/apache/poi/poi-ooxml/3.15/poi-ooxml-3.15.jar:/Users/ascatox/.m2/repository/org/apache/poi/poi/3.15/poi-3.15.jar:/Users/ascatox/.m2/repository/commons-codec/commons-codec/1.11/commons-codec-1.11.jar:/Users/ascatox/.m2/repository/org/apache/commons/commons-collections4/4.1/commons-collections4-4.1.jar:/Users/ascatox/.m2/repository/org/apache/poi/poi-ooxml-schemas/3.15/poi-ooxml-schemas-3.15.jar:/Users/ascatox/.m2/repository/org/apache/xmlbeans/xmlbeans/2.6.0/xmlbeans-2.6.0.jar:/Users/ascatox/.m2/repository/stax/stax-api/1.0.1/stax-api-1.0.1.jar:/Users/ascatox/.m2/repository/com/github/virtuald/curvesapi/1.04/curvesapi-1.04.jar:"/>
    <property name="java.vm.vendor" value="Oracle Corporation"/>
    <property name="sun.arch.data.model" value="64"/>
    <property name="java.vendor.url" value="http://java.oracle.com/"/>
    <property name="user.timezone" value=""/>
    <property name="java.vm.specification.version" value="1.8"/>
    <property name="os.name" value="Mac OS X"/>
    <property name="user.country" value="IT"/>
    <property name="sun.java.launcher" value="SUN_STANDARD"/>
    <property name="sun.boot.library.path" value="/Library/Java/JavaVirtualMachines/jdk1.8.0_111.jdk/Contents/Home/jre/lib"/>
    <property name="sun.java.command" value="/Users/ascatox/Documents/Sviluppo/workspace_hyperledger/product-unit-hub-web-interface/target/surefire/surefirebooter5981366791150835511.jar /Users/ascatox/Documents/Sviluppo/workspace_hyperledger/product-unit-hub-web-interface/target/surefire 2018-05-17T12-51-32_694-jvmRun1 surefire8230592129081032087tmp surefire_07505123850494068199tmp"/>
    <property name="http.nonProxyHosts" value="local|*.local|169.254/16|*.169.254/16|localhost|*.localhost"/>
    <property name="surefire.test.class.path" value="/Users/ascatox/Documents/Sviluppo/workspace_hyperledger/product-unit-hub-web-interface/target/test-classes:/Users/ascatox/Documents/Sviluppo/workspace_hyperledger/product-unit-hub-web-interface/target/classes:/Users/ascatox/.m2/repository/org/springframework/boot/spring-boot-starter-web/2.0.2.RELEASE/spring-boot-starter-web-2.0.2.RELEASE.jar:/Users/ascatox/.m2/repository/org/springframework/boot/spring-boot-starter/2.0.2.RELEASE/spring-boot-starter-2.0.2.RELEASE.jar:/Users/ascatox/.m2/repository/org/springframework/boot/spring-boot/2.0.2.RELEASE/spring-boot-2.0.2.RELEASE.jar:/Users/ascatox/.m2/repository/org/springframework/boot/spring-boot-autoconfigure/2.0.2.RELEASE/spring-boot-autoconfigure-2.0.2.RELEASE.jar:/Users/ascatox/.m2/repository/org/springframework/boot/spring-boot-starter-logging/2.0.2.RELEASE/spring-boot-starter-logging-2.0.2.RELEASE.jar:/Users/ascatox/.m2/repository/ch/qos/logback/logback-classic/1.2.3/logback-classic-1.2.3.jar:/Users/ascatox/.m2/repository/ch/qos/logback/logback-core/1.2.3/logback-core-1.2.3.jar:/Users/ascatox/.m2/repository/org/apache/logging/log4j/log4j-to-slf4j/2.10.0/log4j-to-slf4j-2.10.0.jar:/Users/ascatox/.m2/repository/org/slf4j/jul-to-slf4j/1.7.25/jul-to-slf4j-1.7.25.jar:/Users/ascatox/.m2/repository/javax/annotation/javax.annotation-api/1.3.2/javax.annotation-api-1.3.2.jar:/Users/ascatox/.m2/repository/org/yaml/snakeyaml/1.19/snakeyaml-1.19.jar:/Users/ascatox/.m2/repository/org/springframework/boot/spring-boot-starter-json/2.0.2.RELEASE/spring-boot-starter-json-2.0.2.RELEASE.jar:/Users/ascatox/.m2/repository/com/fasterxml/jackson/datatype/jackson-datatype-jdk8/2.9.5/jackson-datatype-jdk8-2.9.5.jar:/Users/ascatox/.m2/repository/com/fasterxml/jackson/datatype/jackson-datatype-jsr310/2.9.5/jackson-datatype-jsr310-2.9.5.jar:/Users/ascatox/.m2/repository/com/fasterxml/jackson/module/jackson-module-parameter-names/2.9.5/jackson-module-parameter-names-2.9.5.jar:/Users/ascatox/.m2/repository/org/springframework/boot/spring-boot-starter-tomcat/2.0.2.RELEASE/spring-boot-starter-tomcat-2.0.2.RELEASE.jar:/Users/ascatox/.m2/repository/org/apache/tomcat/embed/tomcat-embed-core/8.5.31/tomcat-embed-core-8.5.31.jar:/Users/ascatox/.m2/repository/org/apache/tomcat/embed/tomcat-embed-el/8.5.31/tomcat-embed-el-8.5.31.jar:/Users/ascatox/.m2/repository/org/apache/tomcat/embed/tomcat-embed-websocket/8.5.31/tomcat-embed-websocket-8.5.31.jar:/Users/ascatox/.m2/repository/org/hibernate/validator/hibernate-validator/6.0.9.Final/hibernate-validator-6.0.9.Final.jar:/Users/ascatox/.m2/repository/javax/validation/validation-api/2.0.1.Final/validation-api-2.0.1.Final.jar:/Users/ascatox/.m2/repository/org/jboss/logging/jboss-logging/3.3.2.Final/jboss-logging-3.3.2.Final.jar:/Users/ascatox/.m2/repository/com/fasterxml/classmate/1.3.4/classmate-1.3.4.jar:/Users/ascatox/.m2/repository/org/springframework/spring-web/5.0.6.RELEASE/spring-web-5.0.6.RELEASE.jar:/Users/ascatox/.m2/repository/org/springframework/spring-beans/5.0.6.RELEASE/spring-beans-5.0.6.RELEASE.jar:/Users/ascatox/.m2/repository/org/springframework/spring-webmvc/5.0.6.RELEASE/spring-webmvc-5.0.6.RELEASE.jar:/Users/ascatox/.m2/repository/org/springframework/spring-aop/5.0.6.RELEASE/spring-aop-5.0.6.RELEASE.jar:/Users/ascatox/.m2/repository/org/springframework/spring-context/5.0.6.RELEASE/spring-context-5.0.6.RELEASE.jar:/Users/ascatox/.m2/repository/org/springframework/spring-expression/5.0.6.RELEASE/spring-expression-5.0.6.RELEASE.jar:/Users/ascatox/.m2/repository/org/springframework/boot/spring-boot-starter-test/2.0.2.RELEASE/spring-boot-starter-test-2.0.2.RELEASE.jar:/Users/ascatox/.m2/repository/org/springframework/boot/spring-boot-test/2.0.2.RELEASE/spring-boot-test-2.0.2.RELEASE.jar:/Users/ascatox/.m2/repository/org/springframework/boot/spring-boot-test-autoconfigure/2.0.2.RELEASE/spring-boot-test-autoconfigure-2.0.2.RELEASE.jar:/Users/ascatox/.m2/repository/com/jayway/jsonpath/json-path/2.4.0/json-path-2.4.0.jar:/Users/ascatox/.m2/repository/net/minidev/json-smart/2.3/json-smart-2.3.jar:/Users/ascatox/.m2/repository/net/minidev/accessors-smart/1.2/accessors-smart-1.2.jar:/Users/ascatox/.m2/repository/org/ow2/asm/asm/5.0.4/asm-5.0.4.jar:/Users/ascatox/.m2/repository/org/slf4j/slf4j-api/1.7.25/slf4j-api-1.7.25.jar:/Users/ascatox/.m2/repository/junit/junit/4.12/junit-4.12.jar:/Users/ascatox/.m2/repository/org/assertj/assertj-core/3.9.1/assertj-core-3.9.1.jar:/Users/ascatox/.m2/repository/org/mockito/mockito-core/2.15.0/mockito-core-2.15.0.jar:/Users/ascatox/.m2/repository/net/bytebuddy/byte-buddy/1.7.11/byte-buddy-1.7.11.jar:/Users/ascatox/.m2/repository/net/bytebuddy/byte-buddy-agent/1.7.11/byte-buddy-agent-1.7.11.jar:/Users/ascatox/.m2/repository/org/objenesis/objenesis/2.6/objenesis-2.6.jar:/Users/ascatox/.m2/repository/org/hamcrest/hamcrest-core/1.3/hamcrest-core-1.3.jar:/Users/ascatox/.m2/repository/org/hamcrest/hamcrest-library/1.3/hamcrest-library-1.3.jar:/Users/ascatox/.m2/repository/org/skyscreamer/jsonassert/1.5.0/jsonassert-1.5.0.jar:/Users/ascatox/.m2/repository/com/vaadin/external/google/android-json/0.0.20131108.vaadin1/android-json-0.0.20131108.vaadin1.jar:/Users/ascatox/.m2/repository/org/springframework/spring-core/5.0.6.RELEASE/spring-core-5.0.6.RELEASE.jar:/Users/ascatox/.m2/repository/org/springframework/spring-jcl/5.0.6.RELEASE/spring-jcl-5.0.6.RELEASE.jar:/Users/ascatox/.m2/repository/org/springframework/spring-test/5.0.6.RELEASE/spring-test-5.0.6.RELEASE.jar:/Users/ascatox/.m2/repository/org/xmlunit/xmlunit-core/2.5.1/xmlunit-core-2.5.1.jar:/Users/ascatox/.m2/repository/com/github/ascatox/product-unit-hub-ledger-client/v1.0.2/product-unit-hub-ledger-client-v1.0.2.jar:/Users/ascatox/.m2/repository/org/hyperledger/fabric-sdk-java/fabric-sdk-java/1.1.0-SNAPSHOT/fabric-sdk-java-1.1.0-SNAPSHOT.jar:/Users/ascatox/.m2/repository/io/grpc/grpc-netty/1.11.0/grpc-netty-1.11.0.jar:/Users/ascatox/.m2/repository/io/grpc/grpc-core/1.11.0/grpc-core-1.11.0.jar:/Users/ascatox/.m2/repository/io/grpc/grpc-context/1.11.0/grpc-context-1.11.0.jar:/Users/ascatox/.m2/repository/com/google/code/gson/gson/2.8.4/gson-2.8.4.jar:/Users/ascatox/.m2/repository/com/google/errorprone/error_prone_annotations/2.1.2/error_prone_annotations-2.1.2.jar:/Users/ascatox/.m2/repository/com/google/code/findbugs/jsr305/3.0.0/jsr305-3.0.0.jar:/Users/ascatox/.m2/repository/io/opencensus/opencensus-api/0.11.0/opencensus-api-0.11.0.jar:/Users/ascatox/.m2/repository/io/opencensus/opencensus-contrib-grpc-metrics/0.11.0/opencensus-contrib-grpc-metrics-0.11.0.jar:/Users/ascatox/.m2/repository/io/netty/netty-handler-proxy/4.1.24.Final/netty-handler-proxy-4.1.24.Final.jar:/Users/ascatox/.m2/repository/io/netty/netty-transport/4.1.24.Final/netty-transport-4.1.24.Final.jar:/Users/ascatox/.m2/repository/io/netty/netty-resolver/4.1.24.Final/netty-resolver-4.1.24.Final.jar:/Users/ascatox/.m2/repository/io/netty/netty-codec-socks/4.1.24.Final/netty-codec-socks-4.1.24.Final.jar:/Users/ascatox/.m2/repository/io/grpc/grpc-protobuf/1.11.0/grpc-protobuf-1.11.0.jar:/Users/ascatox/.m2/repository/com/google/guava/guava/20.0/guava-20.0.jar:/Users/ascatox/.m2/repository/com/google/protobuf/protobuf-java-util/3.5.1/protobuf-java-util-3.5.1.jar:/Users/ascatox/.m2/repository/com/google/api/grpc/proto-google-common-protos/1.0.0/proto-google-common-protos-1.0.0.jar:/Users/ascatox/.m2/repository/io/grpc/grpc-protobuf-lite/1.11.0/grpc-protobuf-lite-1.11.0.jar:/Users/ascatox/.m2/repository/io/grpc/grpc-stub/1.11.0/grpc-stub-1.11.0.jar:/Users/ascatox/.m2/repository/io/netty/netty-tcnative-boringssl-static/2.0.8.Final/netty-tcnative-boringssl-static-2.0.8.Final.jar:/Users/ascatox/.m2/repository/io/netty/netty-codec-http2/4.1.24.Final/netty-codec-http2-4.1.24.Final.jar:/Users/ascatox/.m2/repository/io/netty/netty-codec-http/4.1.24.Final/netty-codec-http-4.1.24.Final.jar:/Users/ascatox/.m2/repository/io/netty/netty-codec/4.1.24.Final/netty-codec-4.1.24.Final.jar:/Users/ascatox/.m2/repository/io/netty/netty-handler/4.1.24.Final/netty-handler-4.1.24.Final.jar:/Users/ascatox/.m2/repository/io/netty/netty-buffer/4.1.24.Final/netty-buffer-4.1.24.Final.jar:/Users/ascatox/.m2/repository/io/netty/netty-common/4.1.24.Final/netty-common-4.1.24.Final.jar:/Users/ascatox/.m2/repository/com/google/protobuf/protobuf-java/3.5.1/protobuf-java-3.5.1.jar:/Users/ascatox/.m2/repository/org/bouncycastle/bcpkix-jdk15on/1.59/bcpkix-jdk15on-1.59.jar:/Users/ascatox/.m2/repository/org/bouncycastle/bcprov-jdk15on/1.59/bcprov-jdk15on-1.59.jar:/Users/ascatox/.m2/repository/commons-logging/commons-logging/1.2/commons-logging-1.2.jar:/Users/ascatox/.m2/repository/commons-cli/commons-cli/1.4/commons-cli-1.4.jar:/Users/ascatox/.m2/repository/org/apache/commons/commons-compress/1.16.1/commons-compress-1.16.1.jar:/Users/ascatox/.m2/repository/commons-io/commons-io/2.6/commons-io-2.6.jar:/Users/ascatox/.m2/repository/log4j/log4j/1.2.17/log4j-1.2.17.jar:/Users/ascatox/.m2/repository/org/apache/httpcomponents/httpclient/4.5.5/httpclient-4.5.5.jar:/Users/ascatox/.m2/repository/org/apache/httpcomponents/httpcore/4.4.9/httpcore-4.4.9.jar:/Users/ascatox/.m2/repository/org/glassfish/javax.json/1.1.2/javax.json-1.1.2.jar:/Users/ascatox/.m2/repository/javax/json/javax.json-api/1.1.2/javax.json-api-1.1.2.jar:/Users/ascatox/.m2/repository/com/fasterxml/jackson/core/jackson-databind/2.9.5/jackson-databind-2.9.5.jar:/Users/ascatox/.m2/repository/com/fasterxml/jackson/core/jackson-annotations/2.9.0/jackson-annotations-2.9.0.jar:/Users/ascatox/.m2/repository/com/fasterxml/jackson/core/jackson-core/2.9.5/jackson-core-2.9.5.jar:/Users/ascatox/.m2/repository/org/apache/commons/commons-lang3/3.7/commons-lang3-3.7.jar:/Users/ascatox/.m2/repository/org/apache/logging/log4j/log4j-api/2.10.0/log4j-api-2.10.0.jar:/Users/ascatox/.m2/repository/org/apache/logging/log4j/log4j-core/2.10.0/log4j-core-2.10.0.jar:/Users/ascatox/.m2/repository/org/apache/logging/log4j/log4j-jcl/2.10.0/log4j-jcl-2.10.0.jar:/Users/ascatox/.m2/repository/org/apache/logging/log4j/log4j-slf4j-impl/2.10.0/log4j-slf4j-impl-2.10.0.jar:/Users/ascatox/.m2/repository/org/glassfish/javax.el/3.0.0/javax.el-3.0.0.jar:/Users/ascatox/.m2/repository/org/bouncycastle/bcprov-jdk15/1.46/bcprov-jdk15-1.46.jar:/Users/ascatox/.m2/repository/org/apache/poi/poi-ooxml/3.15/poi-ooxml-3.15.jar:/Users/ascatox/.m2/repository/org/apache/poi/poi/3.15/poi-3.15.jar:/Users/ascatox/.m2/repository/commons-codec/commons-codec/1.11/commons-codec-1.11.jar:/Users/ascatox/.m2/repository/org/apache/commons/commons-collections4/4.1/commons-collections4-4.1.jar:/Users/ascatox/.m2/repository/org/apache/poi/poi-ooxml-schemas/3.15/poi-ooxml-schemas-3.15.jar:/Users/ascatox/.m2/repository/org/apache/xmlbeans/xmlbeans/2.6.0/xmlbeans-2.6.0.jar:/Users/ascatox/.m2/repository/stax/stax-api/1.0.1/stax-api-1.0.1.jar:/Users/ascatox/.m2/repository/com/github/virtuald/curvesapi/1.04/curvesapi-1.04.jar:"/>
    <property name="sun.cpu.endian" value="little"/>
    <property name="user.home" value="/Users/ascatox"/>
    <property name="user.language" value="it"/>
    <property name="java.specification.vendor" value="Oracle Corporation"/>
    <property name="java.home" value="/Library/Java/JavaVirtualMachines/jdk1.8.0_111.jdk/Contents/Home/jre"/>
    <property name="basedir" value="/Users/ascatox/Documents/Sviluppo/workspace_hyperledger/product-unit-hub-web-interface"/>
    <property name="file.separator" value="/"/>
    <property name="line.separator" value="&#10;"/>
    <property name="java.vm.specification.vendor" value="Oracle Corporation"/>
    <property name="java.specification.name" value="Java Platform API Specification"/>
    <property name="java.awt.graphicsenv" value="sun.awt.CGraphicsEnvironment"/>
    <property name="surefire.real.class.path" value="/Users/ascatox/Documents/Sviluppo/workspace_hyperledger/product-unit-hub-web-interface/target/surefire/surefirebooter5981366791150835511.jar"/>
    <property name="sun.boot.class.path" value="/Library/Java/JavaVirtualMachines/jdk1.8.0_111.jdk/Contents/Home/jre/lib/resources.jar:/Library/Java/JavaVirtualMachines/jdk1.8.0_111.jdk/Contents/Home/jre/lib/rt.jar:/Library/Java/JavaVirtualMachines/jdk1.8.0_111.jdk/Contents/Home/jre/lib/sunrsasign.jar:/Library/Java/JavaVirtualMachines/jdk1.8.0_111.jdk/Contents/Home/jre/lib/jsse.jar:/Library/Java/JavaVirtualMachines/jdk1.8.0_111.jdk/Contents/Home/jre/lib/jce.jar:/Library/Java/JavaVirtualMachines/jdk1.8.0_111.jdk/Contents/Home/jre/lib/charsets.jar:/Library/Java/JavaVirtualMachines/jdk1.8.0_111.jdk/Contents/Home/jre/lib/jfr.jar:/Library/Java/JavaVirtualMachines/jdk1.8.0_111.jdk/Contents/Home/jre/classes"/>
    <property name="sun.management.compiler" value="HotSpot 64-Bit Tiered Compilers"/>
    <property name="ftp.nonProxyHosts" value="local|*.local|169.254/16|*.169.254/16|localhost|*.localhost"/>
    <property name="java.runtime.version" value="1.8.0_111-b14"/>
    <property name="user.name" value="ascatox"/>
    <property name="path.separator" value=":"/>
    <property name="os.version" value="10.13.4"/>
    <property name="java.endorsed.dirs" value="/Library/Java/JavaVirtualMachines/jdk1.8.0_111.jdk/Contents/Home/jre/lib/endorsed"/>
    <property name="java.runtime.name" value="Java(TM) SE Runtime Environment"/>
    <property name="file.encoding" value="UTF-8"/>
    <property name="java.vm.name" value="Java HotSpot(TM) 64-Bit Server VM"/>
    <property name="localRepository" value="/Users/ascatox/.m2/repository"/>
    <property name="java.vendor.url.bug" value="http://bugreport.sun.com/bugreport/"/>
    <property name="java.io.tmpdir" value="/var/folders/js/hp1bhdhj5pngkwyp27359w7c0000gn/T/"/>
    <property name="java.version" value="1.8.0_111"/>
    <property name="user.dir" value="/Users/ascatox/Documents/Sviluppo/workspace_hyperledger/product-unit-hub-web-interface"/>
    <property name="os.arch" value="x86_64"/>
    <property name="java.vm.specification.name" value="Java Virtual Machine Specification"/>
    <property name="java.awt.printerjob" value="sun.lwawt.macosx.CPrinterJob"/>
    <property name="user.language.format" value="en"/>
    <property name="sun.os.patch.level" value="unknown"/>
    <property name="java.library.path" value="/Users/ascatox/Library/Java/Extensions:/Library/Java/Extensions:/Network/Library/Java/Extensions:/System/Library/Java/Extensions:/usr/lib/java:."/>
    <property name="java.vm.info" value="mixed mode"/>
    <property name="java.vendor" value="Oracle Corporation"/>
    <property name="java.vm.version" value="25.111-b14"/>
    <property name="java.ext.dirs" value="/Users/ascatox/Library/Java/Extensions:/Library/Java/JavaVirtualMachines/jdk1.8.0_111.jdk/Contents/Home/jre/lib/ext:/Library/Java/Extensions:/Network/Library/Java/Extensions:/System/Library/Java/Extensions:/usr/lib/java"/>
    <property name="sun.io.unicode.encoding" value="UnicodeBig"/>
    <property name="java.class.version" value="52.0"/>
    <property name="socksNonProxyHosts" value="local|*.local|169.254/16|*.169.254/16|localhost|*.localhost"/>
  </properties>
  <testcase name="contextLoads" classname="it.eng.productunithubwebinterface.ProductUnitHubWebInterfaceApplicationTests" time="0.127"/>
</testsuite>